<?xml version="1.0" encoding="UTF-8"?>
<!-- Generated by org.testng.reporters.JUnitReportReporter -->
<testsuite hostname="AmaniALQarni" failures="0" tests="1" name="Task.NegativeLoginTest" time="١٠.٤٨٦" errors="0" timestamp="٢٠٢٥-٠٩-٢٩T١٥:٥٢:١٢ AST" skipped="0">
  <testcase classname="Task.NegativeLoginTest" name="invalidLoginTest" time="١٠.٤٨٦"/>
</testsuite> <!-- Task.NegativeLoginTest -->
