<?xml version="1.0" encoding="UTF-8"?>
<!-- Generated by org.testng.reporters.JUnitReportReporter -->
<testsuite hostname="AmaniALQarni" failures="0" tests="1" name="tests.T01ContactListExtentReportTest" time="٢٢.٤٠٩" errors="0" timestamp="٢٠٢٥-٠٩-٣٠T١٥:٠٨:٣٦ AST" skipped="0">
  <testcase classname="tests.T01ContactListExtentReportTest" name="getDriverTest" time="٢٢.٤٠٩"/>
</testsuite> <!-- tests.T01ContactListExtentReportTest -->
