<?xml version="1.0" encoding="UTF-8"?>
<!-- Generated by org.testng.reporters.JUnitReportReporter -->
<testsuite hostname="AmaniALQarni" failures="0" tests="1" name="Task.PositiveLoginTest" time="٨.٨٦٤" errors="0" timestamp="٢٠٢٥-٠٩-٢٩T١٥:٤٢:٣٣ AST" skipped="0">
  <testcase classname="Task.PositiveLoginTest" name="validLoginTest" time="٨.٨٦٤"/>
</testsuite> <!-- Task.PositiveLoginTest -->
