<?xml version="1.0" encoding="UTF-8"?>
<!-- Generated by org.testng.reporters.JUnitReportReporter -->
<testsuite hostname="AmaniALQarni" failures="0" tests="5" name="Task.AmazonSearchParallelTest" time="٢٤٠.٩٧٩" errors="0" timestamp="٢٠٢٥-٠٩-٢٩T١٥:٥٩:٤٣ AST" skipped="0">
  <testcase classname="Task.AmazonSearchParallelTest" name="amazonSearchTest" time="٢٥.٦٩٩"/>
  <testcase classname="Task.AmazonSearchParallelTest" name="amazonSearchTest" time="٥٣.٨٢٠"/>
  <testcase classname="Task.AmazonSearchParallelTest" name="amazonSearchTest" time="٥٦.٠٢٠"/>
  <testcase classname="Task.AmazonSearchParallelTest" name="amazonSearchTest" time="٥٣.٩٧٤"/>
  <testcase classname="Task.AmazonSearchParallelTest" name="amazonSearchTest" time="٥١.٤٦٦"/>
</testsuite> <!-- Task.AmazonSearchParallelTest -->
