<?xml version="1.0" encoding="UTF-8"?>
<!-- Generated by org.testng.reporters.JUnitReportReporter -->
<testsuite hostname="AmaniALQarni" failures="0" tests="1" name="tests.C18_OHRMLogin" time="١٠.٤٠٤" errors="0" timestamp="٢٠٢٥-١٠-٠١T٠٩:٣٢:٠٩ AST" skipped="0">
  <testcase classname="tests.C18_OHRMLogin" name="positiveTest" time="١٠.٤٠٤"/>
</testsuite> <!-- tests.C18_OHRMLogin -->
